{
  "RSpec": {
    "coverage": {
      "/Users/will/Google Drive/tech_tests/driftrock/spec/calculator_spec.rb": [
        1,
        null,
        1,
        6,
        1,
        null,
        null,
        null,
        null,
        null,
        null,
        null,
        1,
        null,
        null,
        null,
        null,
        null,
        null,
        1,
        1,
        null,
        null,
        1,
        1,
        null,
        null,
        1,
        1,
        null,
        null,
        1,
        1,
        null,
        null,
        1,
        1,
        null,
        null
      ],
      "/Users/will/Google Drive/tech_tests/driftrock/lib/calculator.rb": [
        1,
        null,
        1,
        8,
        8,
        null,
        null,
        1,
        2,
        2,
        null,
        null,
        1,
        2,
        2,
        null,
        null,
        1,
        2,
        12,
        2,
        2,
        8,
        1,
        2,
        8,
        null,
        null,
        1,
        2,
        2,
        null,
        null,
        1,
        null,
        1,
        10,
        10,
        60,
        null,
        null,
        1,
        24,
        34,
        null,
        null
      ],
      "/Users/will/Google Drive/tech_tests/driftrock/spec/controller_spec.rb": [
        1,
        null,
        1,
        9,
        9,
        null,
        1,
        null,
        null,
        null,
        null,
        null,
        null,
        null,
        null,
        1,
        null,
        null,
        null,
        null,
        null,
        null,
        null,
        1,
        8,
        null,
        8,
        null,
        null,
        null,
        1,
        1,
        1,
        null,
        null,
        1,
        1,
        1,
        null,
        null,
        1,
        1,
        1,
        null,
        null,
        1,
        1,
        1,
        null,
        null,
        1,
        1,
        1,
        null,
        null,
        1,
        1,
        null,
        null,
        1,
        1,
        null,
        null,
        1,
        1,
        null,
        null,
        null
      ],
      "/Users/will/Google Drive/tech_tests/driftrock/lib/controller.rb": [
        1,
        1,
        null,
        1,
        8,
        8,
        null,
        null,
        1,
        8,
        8,
        8,
        8,
        null,
        null,
        1,
        6,
        6,
        6,
        null,
        1,
        null,
        1,
        null,
        1,
        1,
        null,
        1,
        null,
        1,
        null,
        1,
        null,
        null,
        null,
        1,
        null,
        1,
        5,
        null,
        null,
        1,
        3,
        21,
        null,
        null,
        1,
        4,
        null,
        null
      ],
      "/Users/will/Google Drive/tech_tests/driftrock/spec/data_fetcher_spec.rb": [
        1,
        null,
        1,
        1,
        null,
        null,
        null,
        null,
        null,
        null,
        null,
        null,
        null,
        null
      ],
      "/Users/will/Google Drive/tech_tests/driftrock/lib/data_fetcher.rb": [
        1,
        null,
        1,
        null,
        1,
        0,
        null,
        null,
        1,
        0,
        null,
        null,
        1,
        null,
        1,
        0,
        0,
        0,
        0,
        0,
        0,
        null,
        0,
        0,
        null,
        null
      ]
    },
    "timestamp": 1509012982
  }
}
